<?xml version="1.0" encoding="UTF-8"?>
<coverage generated="1722432532132" clover="3.2.0">
  <project timestamp="1722432532132" name="All files">
    <metrics statements="68" coveredstatements="38" conditionals="38" coveredconditionals="32" methods="16" coveredmethods="5" elements="122" coveredelements="75" complexity="0" loc="68" ncloc="68" packages="1" files="3" classes="3"/>
    <file name="DateInterval.ts" path="A:\dev\rete\rete-formula-editor\src\controls\DateInterval.ts">
      <metrics statements="29" coveredstatements="28" conditionals="31" coveredconditionals="30" methods="4" coveredmethods="4"/>
      <line num="4" count="1" type="stmt"/>
      <line num="20" count="30" type="stmt"/>
      <line num="21" count="30" type="stmt"/>
      <line num="22" count="30" type="stmt"/>
      <line num="23" count="30" type="stmt"/>
      <line num="24" count="30" type="stmt"/>
      <line num="25" count="30" type="stmt"/>
      <line num="35" count="6" type="stmt"/>
      <line num="37" count="6" type="stmt"/>
      <line num="39" count="6" type="cond" truecount="0" falsecount="1"/>
      <line num="41" count="0" type="stmt"/>
      <line num="45" count="6" type="cond" truecount="2" falsecount="0"/>
      <line num="46" count="6" type="cond" truecount="2" falsecount="0"/>
      <line num="47" count="6" type="cond" truecount="2" falsecount="0"/>
      <line num="48" count="6" type="cond" truecount="2" falsecount="0"/>
      <line num="49" count="6" type="cond" truecount="2" falsecount="0"/>
      <line num="50" count="6" type="cond" truecount="2" falsecount="0"/>
      <line num="52" count="6" type="stmt"/>
      <line num="60" count="6" type="stmt"/>
      <line num="63" count="6" type="cond" truecount="1" falsecount="0"/>
      <line num="64" count="6" type="cond" truecount="1" falsecount="0"/>
      <line num="65" count="6" type="cond" truecount="1" falsecount="0"/>
      <line num="68" count="6" type="cond" truecount="4" falsecount="0"/>
      <line num="69" count="3" type="stmt"/>
      <line num="70" count="3" type="cond" truecount="1" falsecount="0"/>
      <line num="71" count="3" type="cond" truecount="1" falsecount="0"/>
      <line num="72" count="3" type="cond" truecount="1" falsecount="0"/>
      <line num="76" count="6" type="cond" truecount="2" falsecount="0"/>
      <line num="85" count="9" type="cond" truecount="6" falsecount="0"/>
    </file>
    <file name="DateTimeImmutableControl.ts" path="A:\dev\rete\rete-formula-editor\src\controls\DateTimeImmutableControl.ts">
      <metrics statements="23" coveredstatements="8" conditionals="4" coveredconditionals="2" methods="6" coveredmethods="1"/>
      <line num="1" count="1" type="stmt"/>
      <line num="3" count="1" type="stmt"/>
      <line num="5" count="0" type="stmt"/>
      <line num="9" count="0" type="stmt"/>
      <line num="13" count="0" type="stmt"/>
      <line num="14" count="0" type="cond" truecount="0" falsecount="1"/>
      <line num="15" count="0" type="stmt"/>
      <line num="17" count="0" type="stmt"/>
      <line num="21" count="0" type="stmt"/>
      <line num="25" count="1" type="stmt"/>
      <line num="27" count="8" type="stmt"/>
      <line num="28" count="8" type="stmt"/>
      <line num="30" count="8" type="cond" truecount="2" falsecount="1"/>
      <line num="31" count="0" type="stmt"/>
      <line num="33" count="8" type="stmt"/>
      <line num="60" count="1" type="stmt"/>
      <line num="61" count="0" type="stmt"/>
      <line num="62" count="0" type="stmt"/>
      <line num="63" count="0" type="stmt"/>
      <line num="64" count="0" type="stmt"/>
      <line num="65" count="0" type="stmt"/>
      <line num="66" count="0" type="stmt"/>
      <line num="68" count="0" type="stmt"/>
    </file>
    <file name="FormulaControl.ts" path="A:\dev\rete\rete-formula-editor\src\controls\FormulaControl.ts">
      <metrics statements="16" coveredstatements="2" conditionals="3" coveredconditionals="0" methods="6" coveredmethods="0"/>
      <line num="1" count="1" type="stmt"/>
      <line num="3" count="1" type="stmt"/>
      <line num="5" count="0" type="stmt"/>
      <line num="8" count="0" type="stmt"/>
      <line num="9" count="0" type="cond" truecount="0" falsecount="2"/>
      <line num="10" count="0" type="stmt"/>
      <line num="12" count="0" type="stmt"/>
      <line num="21" count="0" type="stmt"/>
      <line num="27" count="0" type="stmt"/>
      <line num="31" count="0" type="cond" truecount="0" falsecount="1"/>
      <line num="32" count="0" type="stmt"/>
      <line num="34" count="0" type="stmt"/>
      <line num="35" count="0" type="stmt"/>
      <line num="36" count="0" type="stmt"/>
      <line num="41" count="0" type="stmt"/>
      <line num="45" count="0" type="stmt"/>
    </file>
  </project>
</coverage>
