{"A:\\dev\\rete\\rete-formula-editor\\src\\controls\\DateInterval.ts": {"path":"A:\\dev\\rete\\rete-formula-editor\\src\\controls\\DateInterval.ts","statementMap":{"0":{"start":{"line":20,"column":4},"end":{"line":20,"column":23}},"1":{"start":{"line":21,"column":4},"end":{"line":21,"column":25}},"2":{"start":{"line":22,"column":4},"end":{"line":22,"column":21}},"3":{"start":{"line":23,"column":4},"end":{"line":23,"column":23}},"4":{"start":{"line":24,"column":4},"end":{"line":24,"column":27}},"5":{"start":{"line":25,"column":4},"end":{"line":25,"column":27}},"6":{"start":{"line":35,"column":6},"end":{"line":35,"column":83}},"7":{"start":{"line":37,"column":18},"end":{"line":37,"column":37}},"8":{"start":{"line":39,"column":4},"end":{"line":42,"column":null}},"9":{"start":{"line":41,"column":6},"end":{"line":41,"column":23}},"10":{"start":{"line":45,"column":18},"end":{"line":45,"column":47}},"11":{"start":{"line":46,"column":19},"end":{"line":46,"column":48}},"12":{"start":{"line":47,"column":17},"end":{"line":47,"column":46}},"13":{"start":{"line":48,"column":18},"end":{"line":48,"column":47}},"14":{"start":{"line":49,"column":20},"end":{"line":49,"column":49}},"15":{"start":{"line":50,"column":20},"end":{"line":50,"column":49}},"16":{"start":{"line":52,"column":4},"end":{"line":52,"column":74}},"17":{"start":{"line":60,"column":17},"end":{"line":60,"column":20}},"18":{"start":{"line":63,"column":4},"end":{"line":63,"column":51}},"19":{"start":{"line":63,"column":24},"end":{"line":63,"column":51}},"20":{"start":{"line":64,"column":4},"end":{"line":64,"column":53}},"21":{"start":{"line":64,"column":25},"end":{"line":64,"column":53}},"22":{"start":{"line":65,"column":4},"end":{"line":65,"column":49}},"23":{"start":{"line":65,"column":23},"end":{"line":65,"column":49}},"24":{"start":{"line":68,"column":4},"end":{"line":73,"column":null}},"25":{"start":{"line":69,"column":6},"end":{"line":69,"column":20}},"26":{"start":{"line":70,"column":6},"end":{"line":70,"column":53}},"27":{"start":{"line":70,"column":26},"end":{"line":70,"column":53}},"28":{"start":{"line":71,"column":6},"end":{"line":71,"column":57}},"29":{"start":{"line":71,"column":28},"end":{"line":71,"column":57}},"30":{"start":{"line":72,"column":6},"end":{"line":72,"column":57}},"31":{"start":{"line":72,"column":28},"end":{"line":72,"column":57}},"32":{"start":{"line":76,"column":4},"end":{"line":76,"column":43}},"33":{"start":{"line":85,"column":4},"end":{"line":90,"column":42}},"34":{"start":{"line":4,"column":0},"end":{"line":4,"column":13}}},"fnMap":{"0":{"name":"(anonymous_0)","decl":{"start":{"line":12,"column":2},"end":{"line":12,"column":null}},"loc":{"start":{"line":18,"column":19},"end":{"line":26,"column":3}}},"1":{"name":"(anonymous_1)","decl":{"start":{"line":32,"column":9},"end":{"line":32,"column":15}},"loc":{"start":{"line":32,"column":41},"end":{"line":53,"column":3}}},"2":{"name":"(anonymous_2)","decl":{"start":{"line":59,"column":2},"end":{"line":59,"column":10}},"loc":{"start":{"line":59,"column":10},"end":{"line":77,"column":3}}},"3":{"name":"(anonymous_3)","decl":{"start":{"line":84,"column":2},"end":{"line":84,"column":8}},"loc":{"start":{"line":84,"column":28},"end":{"line":91,"column":3}}}},"branchMap":{"0":{"loc":{"start":{"line":39,"column":4},"end":{"line":42,"column":null}},"type":"if","locations":[{"start":{"line":39,"column":4},"end":{"line":42,"column":null}}]},"1":{"loc":{"start":{"line":45,"column":27},"end":{"line":45,"column":42}},"type":"binary-expr","locations":[{"start":{"line":45,"column":27},"end":{"line":45,"column":35}},{"start":{"line":45,"column":39},"end":{"line":45,"column":42}}]},"2":{"loc":{"start":{"line":46,"column":28},"end":{"line":46,"column":43}},"type":"binary-expr","locations":[{"start":{"line":46,"column":28},"end":{"line":46,"column":36}},{"start":{"line":46,"column":40},"end":{"line":46,"column":43}}]},"3":{"loc":{"start":{"line":47,"column":26},"end":{"line":47,"column":41}},"type":"binary-expr","locations":[{"start":{"line":47,"column":26},"end":{"line":47,"column":34}},{"start":{"line":47,"column":38},"end":{"line":47,"column":41}}]},"4":{"loc":{"start":{"line":48,"column":27},"end":{"line":48,"column":42}},"type":"binary-expr","locations":[{"start":{"line":48,"column":27},"end":{"line":48,"column":35}},{"start":{"line":48,"column":39},"end":{"line":48,"column":42}}]},"5":{"loc":{"start":{"line":49,"column":29},"end":{"line":49,"column":44}},"type":"binary-expr","locations":[{"start":{"line":49,"column":29},"end":{"line":49,"column":37}},{"start":{"line":49,"column":41},"end":{"line":49,"column":44}}]},"6":{"loc":{"start":{"line":50,"column":29},"end":{"line":50,"column":44}},"type":"binary-expr","locations":[{"start":{"line":50,"column":29},"end":{"line":50,"column":37}},{"start":{"line":50,"column":41},"end":{"line":50,"column":44}}]},"7":{"loc":{"start":{"line":63,"column":4},"end":{"line":63,"column":51}},"type":"if","locations":[{"start":{"line":63,"column":4},"end":{"line":63,"column":51}}]},"8":{"loc":{"start":{"line":64,"column":4},"end":{"line":64,"column":53}},"type":"if","locations":[{"start":{"line":64,"column":4},"end":{"line":64,"column":53}}]},"9":{"loc":{"start":{"line":65,"column":4},"end":{"line":65,"column":49}},"type":"if","locations":[{"start":{"line":65,"column":4},"end":{"line":65,"column":49}}]},"10":{"loc":{"start":{"line":68,"column":4},"end":{"line":73,"column":null}},"type":"if","locations":[{"start":{"line":68,"column":4},"end":{"line":73,"column":null}}]},"11":{"loc":{"start":{"line":68,"column":8},"end":{"line":68,"column":62}},"type":"binary-expr","locations":[{"start":{"line":68,"column":8},"end":{"line":68,"column":22}},{"start":{"line":68,"column":26},"end":{"line":68,"column":42}},{"start":{"line":68,"column":46},"end":{"line":68,"column":62}}]},"12":{"loc":{"start":{"line":70,"column":6},"end":{"line":70,"column":53}},"type":"if","locations":[{"start":{"line":70,"column":6},"end":{"line":70,"column":53}}]},"13":{"loc":{"start":{"line":71,"column":6},"end":{"line":71,"column":57}},"type":"if","locations":[{"start":{"line":71,"column":6},"end":{"line":71,"column":57}}]},"14":{"loc":{"start":{"line":72,"column":6},"end":{"line":72,"column":57}},"type":"if","locations":[{"start":{"line":72,"column":6},"end":{"line":72,"column":57}}]},"15":{"loc":{"start":{"line":76,"column":11},"end":{"line":76,"column":42}},"type":"cond-expr","locations":[{"start":{"line":76,"column":28},"end":{"line":76,"column":33}},{"start":{"line":76,"column":36},"end":{"line":76,"column":42}}]},"16":{"loc":{"start":{"line":85,"column":11},"end":{"line":90,"column":41}},"type":"binary-expr","locations":[{"start":{"line":85,"column":11},"end":{"line":85,"column":37}},{"start":{"line":86,"column":11},"end":{"line":86,"column":39}},{"start":{"line":87,"column":11},"end":{"line":87,"column":35}},{"start":{"line":88,"column":11},"end":{"line":88,"column":37}},{"start":{"line":89,"column":11},"end":{"line":89,"column":41}},{"start":{"line":90,"column":11},"end":{"line":90,"column":41}}]}},"s":{"0":30,"1":30,"2":30,"3":30,"4":30,"5":30,"6":6,"7":6,"8":6,"9":0,"10":6,"11":6,"12":6,"13":6,"14":6,"15":6,"16":6,"17":6,"18":6,"19":2,"20":6,"21":2,"22":6,"23":2,"24":6,"25":3,"26":3,"27":2,"28":3,"29":2,"30":3,"31":2,"32":6,"33":9,"34":1},"f":{"0":30,"1":6,"2":6,"3":9},"b":{"0":[0],"1":[6,4],"2":[6,4],"3":[6,3],"4":[6,4],"5":[6,4],"6":[6,4],"7":[2],"8":[2],"9":[2],"10":[3],"11":[6,4,4],"12":[2],"13":[2],"14":[2],"15":[1,5],"16":[9,7,6,5,4,3]}}
,"A:\\dev\\rete\\rete-formula-editor\\src\\controls\\DateTimeImmutableControl.ts": {"path":"A:\\dev\\rete\\rete-formula-editor\\src\\controls\\DateTimeImmutableControl.ts","statementMap":{"0":{"start":{"line":1,"column":0},"end":{"line":1,"column":50}},"1":{"start":{"line":5,"column":4},"end":{"line":5,"column":49}},"2":{"start":{"line":9,"column":4},"end":{"line":9,"column":16}},"3":{"start":{"line":13,"column":17},"end":{"line":13,"column":37}},"4":{"start":{"line":14,"column":4},"end":{"line":16,"column":null}},"5":{"start":{"line":15,"column":6},"end":{"line":15,"column":56}},"6":{"start":{"line":17,"column":4},"end":{"line":17,"column":22}},"7":{"start":{"line":21,"column":4},"end":{"line":21,"column":22}},"8":{"start":{"line":3,"column":0},"end":{"line":3,"column":13}},"9":{"start":{"line":27,"column":6},"end":{"line":27,"column":159}},"10":{"start":{"line":28,"column":18},"end":{"line":28,"column":41}},"11":{"start":{"line":30,"column":4},"end":{"line":32,"column":null}},"12":{"start":{"line":31,"column":6},"end":{"line":31,"column":23}},"13":{"start":{"line":33,"column":4},"end":{"line":33,"column":28}},"14":{"start":{"line":25,"column":0},"end":{"line":25,"column":16}},"15":{"start":{"line":61,"column":15},"end":{"line":61,"column":33}},"16":{"start":{"line":62,"column":16},"end":{"line":62,"column":65}},"17":{"start":{"line":63,"column":14},"end":{"line":63,"column":56}},"18":{"start":{"line":64,"column":16},"end":{"line":64,"column":59}},"19":{"start":{"line":65,"column":18},"end":{"line":65,"column":63}},"20":{"start":{"line":66,"column":18},"end":{"line":66,"column":63}},"21":{"start":{"line":68,"column":2},"end":{"line":68,"column":66}},"22":{"start":{"line":60,"column":0},"end":{"line":60,"column":16}}},"fnMap":{"0":{"name":"(anonymous_0)","decl":{"start":{"line":4,"column":11},"end":{"line":4,"column":20}},"loc":{"start":{"line":4,"column":32},"end":{"line":6,"column":3}}},"1":{"name":"(anonymous_1)","decl":{"start":{"line":8,"column":2},"end":{"line":8,"column":9}},"loc":{"start":{"line":8,"column":21},"end":{"line":10,"column":3}}},"2":{"name":"(anonymous_2)","decl":{"start":{"line":12,"column":2},"end":{"line":12,"column":15}},"loc":{"start":{"line":12,"column":30},"end":{"line":18,"column":3}}},"3":{"name":"(anonymous_3)","decl":{"start":{"line":20,"column":21},"end":{"line":20,"column":36}},"loc":{"start":{"line":20,"column":36},"end":{"line":22,"column":3}}},"4":{"name":"stringToDate","decl":{"start":{"line":25,"column":16},"end":{"line":25,"column":28}},"loc":{"start":{"line":25,"column":43},"end":{"line":58,"column":1}}},"5":{"name":"formatDateToString","decl":{"start":{"line":60,"column":16},"end":{"line":60,"column":34}},"loc":{"start":{"line":60,"column":45},"end":{"line":69,"column":1}}}},"branchMap":{"0":{"loc":{"start":{"line":14,"column":4},"end":{"line":16,"column":null}},"type":"if","locations":[{"start":{"line":14,"column":4},"end":{"line":16,"column":null}}]},"1":{"loc":{"start":{"line":30,"column":4},"end":{"line":32,"column":null}},"type":"if","locations":[{"start":{"line":30,"column":4},"end":{"line":32,"column":null}}]},"2":{"loc":{"start":{"line":30,"column":8},"end":{"line":30,"column":31}},"type":"binary-expr","locations":[{"start":{"line":30,"column":8},"end":{"line":30,"column":14}},{"start":{"line":30,"column":18},"end":{"line":30,"column":31}}]}},"s":{"0":1,"1":0,"2":0,"3":0,"4":0,"5":0,"6":0,"7":0,"8":1,"9":8,"10":8,"11":8,"12":0,"13":8,"14":1,"15":0,"16":0,"17":0,"18":0,"19":0,"20":0,"21":0,"22":1},"f":{"0":0,"1":0,"2":0,"3":0,"4":8,"5":0},"b":{"0":[0],"1":[0],"2":[8,8]}}
,"A:\\dev\\rete\\rete-formula-editor\\src\\controls\\FormulaControl.ts": {"path":"A:\\dev\\rete\\rete-formula-editor\\src\\controls\\FormulaControl.ts","statementMap":{"0":{"start":{"line":1,"column":0},"end":{"line":1,"column":37}},"1":{"start":{"line":8,"column":4},"end":{"line":8,"column":12}},"2":{"start":{"line":5,"column":10},"end":{"line":5,"column":58}},"3":{"start":{"line":9,"column":4},"end":{"line":13,"column":null}},"4":{"start":{"line":10,"column":6},"end":{"line":10,"column":33}},"5":{"start":{"line":12,"column":6},"end":{"line":12,"column":43}},"6":{"start":{"line":21,"column":4},"end":{"line":21,"column":39}},"7":{"start":{"line":27,"column":4},"end":{"line":27,"column":23}},"8":{"start":{"line":31,"column":4},"end":{"line":33,"column":null}},"9":{"start":{"line":32,"column":6},"end":{"line":32,"column":58}},"10":{"start":{"line":34,"column":4},"end":{"line":34,"column":24}},"11":{"start":{"line":35,"column":4},"end":{"line":37,"column":null}},"12":{"start":{"line":36,"column":6},"end":{"line":36,"column":28}},"13":{"start":{"line":41,"column":4},"end":{"line":41,"column":40}},"14":{"start":{"line":45,"column":4},"end":{"line":45,"column":22}},"15":{"start":{"line":3,"column":0},"end":{"line":3,"column":22}}},"fnMap":{"0":{"name":"(anonymous_0)","decl":{"start":{"line":7,"column":2},"end":{"line":7,"column":14}},"loc":{"start":{"line":7,"column":30},"end":{"line":14,"column":3}}},"1":{"name":"(anonymous_1)","decl":{"start":{"line":20,"column":2},"end":{"line":20,"column":17}},"loc":{"start":{"line":20,"column":17},"end":{"line":22,"column":3}}},"2":{"name":"(anonymous_2)","decl":{"start":{"line":26,"column":2},"end":{"line":26,"column":6}},"loc":{"start":{"line":26,"column":11},"end":{"line":28,"column":3}}},"3":{"name":"(anonymous_3)","decl":{"start":{"line":30,"column":2},"end":{"line":30,"column":6}},"loc":{"start":{"line":30,"column":20},"end":{"line":38,"column":3}}},"4":{"name":"(anonymous_4)","decl":{"start":{"line":40,"column":2},"end":{"line":40,"column":19}},"loc":{"start":{"line":40,"column":51},"end":{"line":42,"column":3}}},"5":{"name":"(anonymous_5)","decl":{"start":{"line":44,"column":2},"end":{"line":44,"column":10}},"loc":{"start":{"line":44,"column":10},"end":{"line":46,"column":3}}}},"branchMap":{"0":{"loc":{"start":{"line":9,"column":4},"end":{"line":13,"column":null}},"type":"if","locations":[{"start":{"line":9,"column":4},"end":{"line":13,"column":null}},{"start":{"line":11,"column":11},"end":{"line":13,"column":null}}]},"1":{"loc":{"start":{"line":31,"column":4},"end":{"line":33,"column":null}},"type":"if","locations":[{"start":{"line":31,"column":4},"end":{"line":33,"column":null}}]}},"s":{"0":1,"1":0,"2":0,"3":0,"4":0,"5":0,"6":0,"7":0,"8":0,"9":0,"10":0,"11":0,"12":0,"13":0,"14":0,"15":1},"f":{"0":0,"1":0,"2":0,"3":0,"4":0,"5":0},"b":{"0":[0,0],"1":[0]}}
}
