TN:
SF:src\controls\DateInterval.ts
FN:12,(anonymous_0)
FN:32,(anonymous_1)
FN:59,(anonymous_2)
FN:84,(anonymous_3)
FNF:4
FNH:4
FNDA:30,(anonymous_0)
FNDA:6,(anonymous_1)
FNDA:6,(anonymous_2)
FNDA:9,(anonymous_3)
DA:4,1
DA:20,30
DA:21,30
DA:22,30
DA:23,30
DA:24,30
DA:25,30
DA:35,6
DA:37,6
DA:39,6
DA:41,0
DA:45,6
DA:46,6
DA:47,6
DA:48,6
DA:49,6
DA:50,6
DA:52,6
DA:60,6
DA:63,6
DA:64,6
DA:65,6
DA:68,6
DA:69,3
DA:70,3
DA:71,3
DA:72,3
DA:76,6
DA:85,9
LF:29
LH:28
BRDA:39,0,0,0
BRDA:45,1,0,6
BRDA:45,1,1,4
BRDA:46,2,0,6
BRDA:46,2,1,4
BRDA:47,3,0,6
BRDA:47,3,1,3
BRDA:48,4,0,6
BRDA:48,4,1,4
BRDA:49,5,0,6
BRDA:49,5,1,4
BRDA:50,6,0,6
BRDA:50,6,1,4
BRDA:63,7,0,2
BRDA:64,8,0,2
BRDA:65,9,0,2
BRDA:68,10,0,3
BRDA:68,11,0,6
BRDA:68,11,1,4
BRDA:68,11,2,4
BRDA:70,12,0,2
BRDA:71,13,0,2
BRDA:72,14,0,2
BRDA:76,15,0,1
BRDA:76,15,1,5
BRDA:85,16,0,9
BRDA:85,16,1,7
BRDA:85,16,2,6
BRDA:85,16,3,5
BRDA:85,16,4,4
BRDA:85,16,5,3
BRF:31
BRH:30
end_of_record
TN:
SF:src\controls\DateTimeImmutableControl.ts
FN:4,(anonymous_0)
FN:8,(anonymous_1)
FN:12,(anonymous_2)
FN:20,(anonymous_3)
FN:25,stringToDate
FN:60,formatDateToString
FNF:6
FNH:1
FNDA:0,(anonymous_0)
FNDA:0,(anonymous_1)
FNDA:0,(anonymous_2)
FNDA:0,(anonymous_3)
FNDA:8,stringToDate
FNDA:0,formatDateToString
DA:1,1
DA:3,1
DA:5,0
DA:9,0
DA:13,0
DA:14,0
DA:15,0
DA:17,0
DA:21,0
DA:25,1
DA:27,8
DA:28,8
DA:30,8
DA:31,0
DA:33,8
DA:60,1
DA:61,0
DA:62,0
DA:63,0
DA:64,0
DA:65,0
DA:66,0
DA:68,0
LF:23
LH:8
BRDA:14,0,0,0
BRDA:30,1,0,0
BRDA:30,2,0,8
BRDA:30,2,1,8
BRF:4
BRH:2
end_of_record
TN:
SF:src\controls\FormulaControl.ts
FN:7,(anonymous_0)
FN:20,(anonymous_1)
FN:26,(anonymous_2)
FN:30,(anonymous_3)
FN:40,(anonymous_4)
FN:44,(anonymous_5)
FNF:6
FNH:0
FNDA:0,(anonymous_0)
FNDA:0,(anonymous_1)
FNDA:0,(anonymous_2)
FNDA:0,(anonymous_3)
FNDA:0,(anonymous_4)
FNDA:0,(anonymous_5)
DA:1,1
DA:3,1
DA:5,0
DA:8,0
DA:9,0
DA:10,0
DA:12,0
DA:21,0
DA:27,0
DA:31,0
DA:32,0
DA:34,0
DA:35,0
DA:36,0
DA:41,0
DA:45,0
LF:16
LH:2
BRDA:9,0,0,0
BRDA:9,0,1,0
BRDA:31,1,0,0
BRF:3
BRH:0
end_of_record
